Performing C++ SOURCE FILE Test CMAKE_HAVE_LIBC_PTHREAD failed with the following output:
Change Dir: /home/mariya/AndroidStudioProjects/libs/spdlog/build/x86/CMakeFiles/CMakeTmp

Run Build Command(s):/usr/bin/gmake -f Makefile cmTC_ce24b/fast && /usr/bin/gmake  -f CMakeFiles/cmTC_ce24b.dir/build.make CMakeFiles/cmTC_ce24b.dir/build
gmake[1]: вход в каталог «/home/mariya/AndroidStudioProjects/libs/spdlog/build/x86/CMakeFiles/CMakeTmp»
Building CXX object CMakeFiles/cmTC_ce24b.dir/src.cxx.o
/home/mariya/Android/Sdk/ndk/23.1.7779620/toolchains/llvm/prebuilt/linux-x86_64/bin/clang++ --target=i686-none-linux-android16 --sysroot=/home/mariya/Android/Sdk/ndk/23.1.7779620/toolchains/llvm/prebuilt/linux-x86_64/sysroot -DCMAKE_HAVE_LIBC_PTHREAD  -DSPLOG_COMPILED_LIB  -O2 -g -DNDEBUG -fPIE -std=c++11 -MD -MT CMakeFiles/cmTC_ce24b.dir/src.cxx.o -MF CMakeFiles/cmTC_ce24b.dir/src.cxx.o.d -o CMakeFiles/cmTC_ce24b.dir/src.cxx.o -c /home/mariya/AndroidStudioProjects/libs/spdlog/build/x86/CMakeFiles/CMakeTmp/src.cxx
/home/mariya/AndroidStudioProjects/libs/spdlog/build/x86/CMakeFiles/CMakeTmp/src.cxx:13:3: error: use of undeclared identifier 'pthread_cancel'
  pthread_cancel(thread);
  ^
1 error generated.
gmake[1]: *** [CMakeFiles/cmTC_ce24b.dir/build.make:79: CMakeFiles/cmTC_ce24b.dir/src.cxx.o] Ошибка 1
gmake[1]: выход из каталога «/home/mariya/AndroidStudioProjects/libs/spdlog/build/x86/CMakeFiles/CMakeTmp»
gmake: *** [Makefile:127: cmTC_ce24b/fast] Ошибка 2


Source file was:
#include <pthread.h>

static void* test_func(void* data)
{
  return data;
}

int main(void)
{
  pthread_t thread;
  pthread_create(&thread, NULL, test_func, NULL);
  pthread_detach(thread);
  pthread_cancel(thread);
  pthread_join(thread, NULL);
  pthread_atfork(NULL, NULL, NULL);
  pthread_exit(NULL);

  return 0;
}

Determining if the function pthread_create exists in the pthreads failed with the following output:
Change Dir: /home/mariya/AndroidStudioProjects/libs/spdlog/build/x86/CMakeFiles/CMakeTmp

Run Build Command(s):/usr/bin/gmake -f Makefile cmTC_b5aa6/fast && /usr/bin/gmake  -f CMakeFiles/cmTC_b5aa6.dir/build.make CMakeFiles/cmTC_b5aa6.dir/build
gmake[1]: вход в каталог «/home/mariya/AndroidStudioProjects/libs/spdlog/build/x86/CMakeFiles/CMakeTmp»
Building CXX object CMakeFiles/cmTC_b5aa6.dir/CheckFunctionExists.cxx.o
/home/mariya/Android/Sdk/ndk/23.1.7779620/toolchains/llvm/prebuilt/linux-x86_64/bin/clang++ --target=i686-none-linux-android16 --sysroot=/home/mariya/Android/Sdk/ndk/23.1.7779620/toolchains/llvm/prebuilt/linux-x86_64/sysroot   -DSPLOG_COMPILED_LIB -DCHECK_FUNCTION_EXISTS=pthread_create -O2 -g -DNDEBUG -fPIE -std=c++11 -MD -MT CMakeFiles/cmTC_b5aa6.dir/CheckFunctionExists.cxx.o -MF CMakeFiles/cmTC_b5aa6.dir/CheckFunctionExists.cxx.o.d -o CMakeFiles/cmTC_b5aa6.dir/CheckFunctionExists.cxx.o -c /home/mariya/AndroidStudioProjects/libs/spdlog/build/x86/CMakeFiles/CheckLibraryExists/CheckFunctionExists.cxx
Linking CXX executable cmTC_b5aa6
/home/mariya/Android/Sdk/cmake/3.22.1/bin/cmake -E cmake_link_script CMakeFiles/cmTC_b5aa6.dir/link.txt --verbose=1
/home/mariya/Android/Sdk/ndk/23.1.7779620/toolchains/llvm/prebuilt/linux-x86_64/bin/clang++ --target=i686-none-linux-android16 --sysroot=/home/mariya/Android/Sdk/ndk/23.1.7779620/toolchains/llvm/prebuilt/linux-x86_64/sysroot -DSPLOG_COMPILED_LIB -DCHECK_FUNCTION_EXISTS=pthread_create -O2 -g -DNDEBUG -Wl,--build-id=sha1 -Wl,--no-rosegment -Wl,--fatal-warnings -Qunused-arguments -Wl,--no-undefined  -Wl,--gc-sections  CMakeFiles/cmTC_b5aa6.dir/CheckFunctionExists.cxx.o -o cmTC_b5aa6  -lpthreads  -static-libstdc++ -latomic -lm 
ld: error: unable to find library -lpthreads
clang-12: error: linker command failed with exit code 1 (use -v to see invocation)
gmake[1]: *** [CMakeFiles/cmTC_b5aa6.dir/build.make:100: cmTC_b5aa6] Ошибка 1
gmake[1]: выход из каталога «/home/mariya/AndroidStudioProjects/libs/spdlog/build/x86/CMakeFiles/CMakeTmp»
gmake: *** [Makefile:127: cmTC_b5aa6/fast] Ошибка 2



Determining if the function pthread_create exists in the pthread failed with the following output:
Change Dir: /home/mariya/AndroidStudioProjects/libs/spdlog/build/x86/CMakeFiles/CMakeTmp

Run Build Command(s):/usr/bin/gmake -f Makefile cmTC_145b3/fast && /usr/bin/gmake  -f CMakeFiles/cmTC_145b3.dir/build.make CMakeFiles/cmTC_145b3.dir/build
gmake[1]: вход в каталог «/home/mariya/AndroidStudioProjects/libs/spdlog/build/x86/CMakeFiles/CMakeTmp»
Building CXX object CMakeFiles/cmTC_145b3.dir/CheckFunctionExists.cxx.o
/home/mariya/Android/Sdk/ndk/23.1.7779620/toolchains/llvm/prebuilt/linux-x86_64/bin/clang++ --target=i686-none-linux-android16 --sysroot=/home/mariya/Android/Sdk/ndk/23.1.7779620/toolchains/llvm/prebuilt/linux-x86_64/sysroot   -DSPLOG_COMPILED_LIB -DCHECK_FUNCTION_EXISTS=pthread_create -O2 -g -DNDEBUG -fPIE -std=c++11 -MD -MT CMakeFiles/cmTC_145b3.dir/CheckFunctionExists.cxx.o -MF CMakeFiles/cmTC_145b3.dir/CheckFunctionExists.cxx.o.d -o CMakeFiles/cmTC_145b3.dir/CheckFunctionExists.cxx.o -c /home/mariya/AndroidStudioProjects/libs/spdlog/build/x86/CMakeFiles/CheckLibraryExists/CheckFunctionExists.cxx
Linking CXX executable cmTC_145b3
/home/mariya/Android/Sdk/cmake/3.22.1/bin/cmake -E cmake_link_script CMakeFiles/cmTC_145b3.dir/link.txt --verbose=1
/home/mariya/Android/Sdk/ndk/23.1.7779620/toolchains/llvm/prebuilt/linux-x86_64/bin/clang++ --target=i686-none-linux-android16 --sysroot=/home/mariya/Android/Sdk/ndk/23.1.7779620/toolchains/llvm/prebuilt/linux-x86_64/sysroot -DSPLOG_COMPILED_LIB -DCHECK_FUNCTION_EXISTS=pthread_create -O2 -g -DNDEBUG -Wl,--build-id=sha1 -Wl,--no-rosegment -Wl,--fatal-warnings -Qunused-arguments -Wl,--no-undefined  -Wl,--gc-sections  CMakeFiles/cmTC_145b3.dir/CheckFunctionExists.cxx.o -o cmTC_145b3  -lpthread  -static-libstdc++ -latomic -lm 
ld: error: unable to find library -lpthread
clang-12: error: linker command failed with exit code 1 (use -v to see invocation)
gmake[1]: *** [CMakeFiles/cmTC_145b3.dir/build.make:100: cmTC_145b3] Ошибка 1
gmake[1]: выход из каталога «/home/mariya/AndroidStudioProjects/libs/spdlog/build/x86/CMakeFiles/CMakeTmp»
gmake: *** [Makefile:127: cmTC_145b3/fast] Ошибка 2



